This is pdfTeX, Version 3.14159265-2.6-1.40.20 (TeX Live 2019/Debian) (preloaded format=latex 2021.11.28)  28 NOV 2021 00:51
entering extended mode
 restricted \write18 enabled.
 %&-line parsing enabled.
**h
(/usr/share/texlive/texmf-dist/tex/latex/tools/h.tex
LaTeX2e <2020-02-02> patch level 2
L3 programming layer <2020-02-14>
! The file name provided could not be found.
Use `<enter>' to continue processing,
`S' to scroll future errors
`R' to run without stopping,
`Q' to run quietly,
or `X' to terminate TeX
! .
l.45 \errmessage{}
                  
? h
This error message was generated by an \errmessage
command, so I can't give any explicit help.
Pretend that you're Hercule Poirot: Examine all clues,
and deduce the truth by order and method.

? 
)
*
(Please type a command or say `\end')
*
(Please type a command or say `\end')
*
(Please type a command or say `\end')
*help

! LaTeX Error: Missing \begin{document}.

See the LaTeX manual or LaTeX Companion for explanation.
Type  H <return>  for immediate help.
 ...                                              
                                                  
<*> h
     elp
? H
You're in trouble here.  Try typing  <return>  to proceed.
If that doesn't work, type  X <return>  to quit.
? return
OK, entering \nonstopmode...
Missing character: There is no h in font nullfont!
Missing character: There is no e in font nullfont!
Missing character: There is no l in font nullfont!
Missing character: There is no p in font nullfont!
! Emergency stop.
<*> help
        
*** (job aborted, no legal \end found)

 
Here is how much of TeX's memory you used:
 17 strings out of 483184
 501 string characters out of 5966317
 231599 words of memory out of 5000000
 15133 multiletter control sequences out of 15000+600000
 532338 words of font info for 24 fonts, out of 8000000 for 9000
 14 hyphenation exceptions out of 8191
 12i,0n,15p,81b,14s stack positions out of 5000i,500n,10000p,200000b,80000s
No pages of output.
